<?xml version="1.0" encoding="UTF-8"?>
<!-- Generated by org.testng.reporters.JUnitReportReporter -->
<testsuite hostname="DESKTOP-3FEU2P9" failures="0" tests="3" name="com.dataprovider.latest.DataProvideWithExcel" time="0.031" errors="0" timestamp="2023-05-01T15:43:13 IST" skipped="0">
  <testcase classname="com.dataprovider.latest.DataProvideWithExcel" name="test5" time="0.017"/>
  <system-out/>
  <testcase classname="com.dataprovider.latest.DataProvideWithExcel" name="test5" time="0.008"/>
  <system-out/>
  <testcase classname="com.dataprovider.latest.DataProvideWithExcel" name="test5" time="0.006"/>
  <system-out/>
</testsuite> <!-- com.dataprovider.latest.DataProvideWithExcel -->
