<?xml version="1.0" encoding="UTF-8"?>
<!-- Generated by org.testng.reporters.JUnitReportReporter -->
<testsuite hostname="DESKTOP-3FEU2P9" failures="0" tests="1" name="spicejettest.SpiceJetTest1" time="45.980" errors="0" timestamp="2023-06-19T22:11:43 IST" skipped="0">
  <testcase classname="spicejettest.SpiceJetTest1" name="spiceJetTest" time="45.980"/>
  <system-out/>
</testsuite> <!-- spicejettest.SpiceJetTest1 -->
