<?xml version="1.0" encoding="UTF-8"?>
<!-- Generated by org.testng.reporters.JUnitReportReporter -->
<testsuite hostname="DESKTOP-3FEU2P9" failures="0" tests="2" name="com.cff.tests.OrageHRMTest" time="89.987" errors="0" timestamp="2024-04-11T12:26:32 IST" skipped="0">
  <testcase classname="com.cff.tests.OrageHRMTest" name="loginLogoutTest" time="49.080"/>
  <testcase classname="com.cff.tests.OrageHRMTest" name="loginLogoutTest" time="40.907"/>
</testsuite> <!-- com.cff.tests.OrageHRMTest -->
