<?xml version="1.0" encoding="UTF-8"?>
<!-- Generated by org.testng.reporters.JUnitReportReporter -->
<testsuite hostname="DESKTOP-3FEU2P9" failures="0" tests="1" name="com.testnglisteners.Runner" time="0.020" errors="0" timestamp="2023-05-01T19:46:44 IST" skipped="0">
  <testcase classname="com.testnglisteners.Runner" name="test1" time="0.020"/>
  <system-out/>
</testsuite> <!-- com.testnglisteners.Runner -->
