<?xml version="1.0" encoding="UTF-8"?>
<!-- Generated by org.testng.reporters.JUnitReportReporter -->
<testsuite hostname="DESKTOP-3FEU2P9" failures="0" tests="1" name="com.assertj.AssertJSoftAssertion" time="0.103" errors="0" timestamp="2023-04-24T15:44:50 IST" skipped="0">
  <testcase classname="com.assertj.AssertJSoftAssertion" name="assertBDDStyleTest" time="0.103"/>
  <system-out/>
</testsuite> <!-- com.assertj.AssertJSoftAssertion -->
