<?xml version="1.0" encoding="UTF-8"?>
<!-- Generated by org.testng.reporters.JUnitReportReporter -->
<testsuite hostname="DESKTOP-3FEU2P9" failures="0" tests="1" name="com.cff.tests.AllyAutomationTest" time="23.907" errors="0" timestamp="2023-06-01T10:02:53 IST" skipped="0">
  <testcase classname="com.cff.tests.AllyAutomationTest" name="amazonAllyTest" time="23.907"/>
  <system-out/>
</testsuite> <!-- com.cff.tests.AllyAutomationTest -->
