<?xml version="1.0" encoding="UTF-8"?>
<!-- Generated by org.testng.reporters.JUnitReportReporter -->
<testsuite hostname="DESKTOP-3FEU2P9" failures="0" tests="1" name="spicejettest.SpiceJetTest" time="51.661" errors="0" timestamp="2023-06-19T21:56:07 IST" skipped="0">
  <testcase classname="spicejettest.SpiceJetTest" name="spiceJetTest" time="51.661"/>
  <system-out/>
</testsuite> <!-- spicejettest.SpiceJetTest -->
