<?xml version="1.0" encoding="UTF-8"?>
<!-- Generated by org.testng.reporters.JUnitReportReporter -->
<testsuite hostname="DESKTOP-3FEU2P9" failures="0" tests="1" name="com.assertj.AssertDemo" time="0.134" errors="0" timestamp="2023-04-24T13:28:10 IST" skipped="0">
  <testcase classname="com.assertj.AssertDemo" name="mapTest" time="0.134"/>
  <system-out/>
</testsuite> <!-- com.assertj.AssertDemo -->
