<?xml version="1.0" encoding="UTF-8"?>
<!-- Generated by org.testng.reporters.JUnitReportReporter -->
<testsuite hostname="DESKTOP-3FEU2P9" failures="0" tests="3" name="com.pagefactory.Runner" time="28.110" errors="0" timestamp="2023-04-24T19:20:43 IST" skipped="0">
  <testcase classname="com.pagefactory.Runner" name="test1" time="8.069"/>
  <system-out/>
  <testcase classname="com.pagefactory.Runner" name="test2" time="9.400"/>
  <system-out/>
  <testcase classname="com.pagefactory.Runner" name="test3" time="10.641"/>
  <system-out/>
</testsuite> <!-- com.pagefactory.Runner -->
