<?xml version="1.0" encoding="UTF-8"?>
<!-- Generated by org.testng.reporters.JUnitReportReporter -->
<testsuite hostname="DESKTOP-3FEU2P9" failures="0" tests="1" name="com.dataprovider.latest.DataProvideWithJSon" time="0.014" errors="0" timestamp="2023-05-01T16:21:29 IST" skipped="0">
  <testcase classname="com.dataprovider.latest.DataProvideWithJSon" name="testDataProviderWithJson" time="0.014"/>
  <system-out/>
</testsuite> <!-- com.dataprovider.latest.DataProvideWithJSon -->
