<?xml version="1.0" encoding="UTF-8"?>
<!-- Generated by org.testng.reporters.JUnitReportReporter -->
<testsuite hostname="DESKTOP-3FEU2P9" failures="0" tests="3" name="com.dataprovider.latest.DataProviderTest" time="0.016" errors="0" timestamp="2023-04-30T22:33:09 IST" skipped="0">
  <testcase classname="com.dataprovider.latest.DataProviderTest" name="test4" time="0.001"/>
  <system-out/>
  <testcase classname="com.dataprovider.latest.DataProviderTest" name="test4" time="0.013"/>
  <system-out/>
  <testcase classname="com.dataprovider.latest.DataProviderTest" name="test5" time="0.002"/>
  <system-out/>
</testsuite> <!-- com.dataprovider.latest.DataProviderTest -->
